<?xml version="1.0" encoding="UTF-8"?>
<!-- Generated by org.testng.reporters.JUnitReportReporter -->
<testsuite hostname="DESKTOP-LHM7NSV" failures="0" tests="5" name="Utilities.ExcelDataProvider" time="86.822" errors="0" timestamp="2023-02-20T16:31:21 SGT" skipped="0">
  <testcase classname="Utilities.ExcelDataProvider" name="Test" time="14.438"/>
  <system-out/>
  <testcase classname="Utilities.ExcelDataProvider" name="Test" time="14.812"/>
  <system-out/>
  <testcase classname="Utilities.ExcelDataProvider" name="Test" time="14.530"/>
  <system-out/>
  <testcase classname="Utilities.ExcelDataProvider" name="Test" time="28.414"/>
  <system-out/>
  <testcase classname="Utilities.ExcelDataProvider" name="Test" time="14.628"/>
  <system-out/>
</testsuite> <!-- Utilities.ExcelDataProvider -->
