<?xml version="1.0" encoding="UTF-8"?>
<!-- Generated by org.testng.reporters.JUnitReportReporter -->
<testsuite hostname="DESKTOP-LHM7NSV" failures="0" tests="2" name="test.ExtentReportsDemo" time="52.211" errors="0" timestamp="2023-02-20T13:32:50 SGT" skipped="0">
  <testcase classname="test.ExtentReportsDemo" name="Search_Test_with_Extent_Report_2" time="43.695"/>
  <system-out/>
  <testcase classname="test.ExtentReportsDemo" name="Search_Test_with_Extent_Report" time="8.516"/>
  <system-out/>
</testsuite> <!-- test.ExtentReportsDemo -->
