<?xml version="1.0" encoding="UTF-8"?>
<!-- Generated by org.testng.reporters.JUnitReportReporter -->
<testsuite hostname="DESKTOP-LHM7NSV" failures="0" tests="1" name="test.GoogleSearchPageTestNG2" time="17.316" errors="0" timestamp="2023-02-17T16:29:45 SGT" skipped="0">
  <testcase classname="test.GoogleSearchPageTestNG2" name="Test_Google_Search_Again" time="17.316"/>
  <system-out/>
</testsuite> <!-- test.GoogleSearchPageTestNG2 -->
