<?xml version="1.0" encoding="UTF-8"?>
<!-- Generated by org.testng.reporters.JUnitReportReporter -->
<testsuite hostname="DESKTOP-LHM7NSV" failures="0" tests="1" name="Katalon.KatalonExportedTC" time="13.221" errors="0" timestamp="2023-02-21T15:02:21 SGT" skipped="0">
  <testcase classname="Katalon.KatalonExportedTC" name="testUntitledTestCase" time="13.221"/>
  <system-out/>
</testsuite> <!-- Katalon.KatalonExportedTC -->
